<?xml version="1.0" encoding="utf-8"?>
<?AutomationStudio Version="4.5.2.102"?>
<Objects>
  <Object
    Path="C:\Projects\Lab4\Logical\Package.pkg"
    LogicalPath=""
    Type="Package.ParentUnknown"
    LastWriteTime="132200487912481020" />
  <Object
    Path="C:\Projects\Lab4\Logical\Global.typ"
    LogicalPath="Global.typ"
    Type="File"
    LastWriteTime="132185399900000000"
    Private="false" />
  <Object
    Path="C:\Projects\Lab4\Logical\Global.var"
    LogicalPath="Global.var"
    Type="File"
    LastWriteTime="132200486105178483"
    Private="false" />
  <Object
    Path="C:\Projects\Lab4\Logical\Libraries\Package.pkg"
    LogicalPath="Libraries"
    Type="Package"
    LastWriteTime="132200479481312143" />
  <Object
    Path="C:\Projects\Lab4\Logical\Libraries\operator\binary.lby"
    LogicalPath="Libraries.operator"
    Type="Library"
    LastWriteTime="132185399900000000" />
  <Object
    Path="C:\Projects\Lab4\Logical\Libraries\operator\operator.fun"
    LogicalPath="Libraries.operator.operator.fun"
    Type="File"
    LastWriteTime="132185399900000000"
    Private="false" />
  <Object
    Path="C:\Projects\Lab4\Logical\Libraries\operator\operator.typ"
    LogicalPath="Libraries.operator.operator.typ"
    Type="File"
    LastWriteTime="132185399900000000"
    Private="false" />
  <Object
    Path="C:\Projects\Lab4\Logical\Libraries\operator\operator.var"
    LogicalPath="Libraries.operator.operator.var"
    Type="File"
    LastWriteTime="132185399900000000"
    Private="false" />
  <Object
    Path="C:\Projects\Lab4\Logical\Libraries\runtime\binary.lby"
    LogicalPath="Libraries.runtime"
    Type="Library"
    LastWriteTime="132185399920000000" />
  <Object
    Path="C:\Projects\Lab4\Logical\Libraries\runtime\runtime.fun"
    LogicalPath="Libraries.runtime.runtime.fun"
    Type="File"
    LastWriteTime="132185399920000000"
    Private="false" />
  <Object
    Path="C:\Projects\Lab4\Logical\Libraries\runtime\runtime.typ"
    LogicalPath="Libraries.runtime.runtime.typ"
    Type="File"
    LastWriteTime="132185399920000000"
    Private="false" />
  <Object
    Path="C:\Projects\Lab4\Logical\Libraries\runtime\runtime.var"
    LogicalPath="Libraries.runtime.runtime.var"
    Type="File"
    LastWriteTime="132185399920000000"
    Private="false" />
  <Object
    Path="C:\Projects\Lab4\Logical\Libraries\astime\binary.lby"
    LogicalPath="Libraries.astime"
    Type="Library"
    LastWriteTime="132185399920000000" />
  <Object
    Path="C:\Projects\Lab4\Logical\Libraries\astime\astime.fun"
    LogicalPath="Libraries.astime.astime.fun"
    Type="File"
    LastWriteTime="132185399920000000"
    Private="false" />
  <Object
    Path="C:\Projects\Lab4\Logical\Libraries\astime\astime.typ"
    LogicalPath="Libraries.astime.astime.typ"
    Type="File"
    LastWriteTime="132185399920000000"
    Private="false" />
  <Object
    Path="C:\Projects\Lab4\Logical\Libraries\astime\astime.var"
    LogicalPath="Libraries.astime.astime.var"
    Type="File"
    LastWriteTime="132185399920000000"
    Private="false" />
  <Object
    Path="C:\Projects\Lab4\Logical\Libraries\AsIecCon\binary.lby"
    LogicalPath="Libraries.AsIecCon"
    Type="Library"
    LastWriteTime="132185399920000000" />
  <Object
    Path="C:\Projects\Lab4\Logical\Libraries\AsIecCon\AsIecCon.fun"
    LogicalPath="Libraries.AsIecCon.AsIecCon.fun"
    Type="File"
    LastWriteTime="132185399920000000"
    Private="false" />
  <Object
    Path="C:\Projects\Lab4\Logical\Libraries\AsIecCon\AsIecCon.typ"
    LogicalPath="Libraries.AsIecCon.AsIecCon.typ"
    Type="File"
    LastWriteTime="132185399920000000"
    Private="false" />
  <Object
    Path="C:\Projects\Lab4\Logical\Libraries\AsIecCon\AsIecCon.var"
    LogicalPath="Libraries.AsIecCon.AsIecCon.var"
    Type="File"
    LastWriteTime="132185399920000000"
    Private="false" />
  <Object
    Path="C:\Projects\Lab4\Logical\Libraries\Acp10man\Binary.lby"
    LogicalPath="Libraries.Acp10man"
    Type="Library"
    LastWriteTime="132185400560000000" />
  <Object
    Path="C:\Projects\Lab4\Logical\Libraries\Acp10man\Acp10man.typ"
    LogicalPath="Libraries.Acp10man.Acp10man.typ"
    Type="File"
    LastWriteTime="132185400560000000"
    Private="false" />
  <Object
    Path="C:\Projects\Lab4\Logical\Libraries\Acp10par\Binary.lby"
    LogicalPath="Libraries.Acp10par"
    Type="Library"
    LastWriteTime="132185400560000000" />
  <Object
    Path="C:\Projects\Lab4\Logical\Libraries\Acp10par\Acp10par.var"
    LogicalPath="Libraries.Acp10par.Acp10par.var"
    Type="File"
    LastWriteTime="132185400560000000"
    Private="false" />
  <Object
    Path="C:\Projects\Lab4\Logical\Libraries\NcGlobal\Binary.lby"
    LogicalPath="Libraries.NcGlobal"
    Type="Library"
    LastWriteTime="132185400560000000" />
  <Object
    Path="C:\Projects\Lab4\Logical\Libraries\NcGlobal\NcGlobal.fun"
    LogicalPath="Libraries.NcGlobal.NcGlobal.fun"
    Type="File"
    LastWriteTime="132185400560000000"
    Private="false" />
  <Object
    Path="C:\Projects\Lab4\Logical\Libraries\NcGlobal\NcGlobal.typ"
    LogicalPath="Libraries.NcGlobal.NcGlobal.typ"
    Type="File"
    LastWriteTime="132185400560000000"
    Private="false" />
  <Object
    Path="C:\Projects\Lab4\Logical\Libraries\NcGlobal\NcGlobal.var"
    LogicalPath="Libraries.NcGlobal.NcGlobal.var"
    Type="File"
    LastWriteTime="132185400560000000"
    Private="false" />
  <Object
    Path="C:\Projects\Lab4\Logical\Libraries\Acp10sdc\binary.lby"
    LogicalPath="Libraries.Acp10sdc"
    Type="Library"
    LastWriteTime="132185400700000000" />
  <Object
    Path="C:\Projects\Lab4\Logical\Libraries\Acp10sdc\acp10sdc.var"
    LogicalPath="Libraries.Acp10sdc.acp10sdc.var"
    Type="File"
    LastWriteTime="132185400700000000"
    Private="false" />
  <Object
    Path="C:\Projects\Lab4\Logical\Libraries\Acp10sdc\acp10sdc.typ"
    LogicalPath="Libraries.Acp10sdc.acp10sdc.typ"
    Type="File"
    LastWriteTime="132185400700000000"
    Private="false" />
  <Object
    Path="C:\Projects\Lab4\Logical\Libraries\AsBrStr\binary.lby"
    LogicalPath="Libraries.AsBrStr"
    Type="Library"
    LastWriteTime="132185400720000000" />
  <Object
    Path="C:\Projects\Lab4\Logical\Libraries\AsBrStr\AsBrStr.fun"
    LogicalPath="Libraries.AsBrStr.AsBrStr.fun"
    Type="File"
    LastWriteTime="132185400720000000"
    Private="false" />
  <Object
    Path="C:\Projects\Lab4\Logical\Libraries\AsBrStr\AsBrStr.typ"
    LogicalPath="Libraries.AsBrStr.AsBrStr.typ"
    Type="File"
    LastWriteTime="132185400720000000"
    Private="false" />
  <Object
    Path="C:\Projects\Lab4\Logical\Libraries\AsBrStr\AsBrStr.var"
    LogicalPath="Libraries.AsBrStr.AsBrStr.var"
    Type="File"
    LastWriteTime="132185400720000000"
    Private="false" />
  <Object
    Path="C:\Projects\Lab4\Logical\Libraries\Acp10_MC\binary.lby"
    LogicalPath="Libraries.Acp10_MC"
    Type="Library"
    LastWriteTime="132185401880000000" />
  <Object
    Path="C:\Projects\Lab4\Logical\Libraries\Acp10_MC\acp10_mc.fun"
    LogicalPath="Libraries.Acp10_MC.acp10_mc.fun"
    Type="File"
    LastWriteTime="132185401880000000"
    Private="false" />
  <Object
    Path="C:\Projects\Lab4\Logical\Libraries\Acp10_MC\acp10_mc.typ"
    LogicalPath="Libraries.Acp10_MC.acp10_mc.typ"
    Type="File"
    LastWriteTime="132185401880000000"
    Private="false" />
  <Object
    Path="C:\Projects\Lab4\Logical\Libraries\Acp10_MC\acp10_mc.var"
    LogicalPath="Libraries.Acp10_MC.acp10_mc.var"
    Type="File"
    LastWriteTime="132185401880000000"
    Private="false" />
  <Object
    Path="C:\Projects\Lab4\Logical\Libraries\brsystem\binary.lby"
    LogicalPath="Libraries.brsystem"
    Type="Library"
    LastWriteTime="132185401880000000" />
  <Object
    Path="C:\Projects\Lab4\Logical\Libraries\brsystem\brsystem.fun"
    LogicalPath="Libraries.brsystem.brsystem.fun"
    Type="File"
    LastWriteTime="132185401880000000"
    Private="false" />
  <Object
    Path="C:\Projects\Lab4\Logical\Libraries\brsystem\brsystem.typ"
    LogicalPath="Libraries.brsystem.brsystem.typ"
    Type="File"
    LastWriteTime="132185401880000000"
    Private="false" />
  <Object
    Path="C:\Projects\Lab4\Logical\Libraries\brsystem\brsystem.var"
    LogicalPath="Libraries.brsystem.brsystem.var"
    Type="File"
    LastWriteTime="132185401880000000"
    Private="false" />
  <Object
    Path="C:\Projects\Lab4\Logical\Libraries\sys_lib\binary.lby"
    LogicalPath="Libraries.sys_lib"
    Type="Library"
    LastWriteTime="132185401880000000" />
  <Object
    Path="C:\Projects\Lab4\Logical\Libraries\sys_lib\sys_lib.fun"
    LogicalPath="Libraries.sys_lib.sys_lib.fun"
    Type="File"
    LastWriteTime="132185401880000000"
    Private="false" />
  <Object
    Path="C:\Projects\Lab4\Logical\Libraries\sys_lib\sys_lib.typ"
    LogicalPath="Libraries.sys_lib.sys_lib.typ"
    Type="File"
    LastWriteTime="132185401880000000"
    Private="false" />
  <Object
    Path="C:\Projects\Lab4\Logical\Libraries\sys_lib\sys_lib.var"
    LogicalPath="Libraries.sys_lib.sys_lib.var"
    Type="File"
    LastWriteTime="132185401880000000"
    Private="false" />
  <Object
    Path="C:\Projects\Lab4\Logical\Libraries\Acp10sim\binary.lby"
    LogicalPath="Libraries.Acp10sim"
    Type="Library"
    LastWriteTime="132185403860000000" />
  <Object
    Path="C:\Projects\Lab4\Logical\Libraries\Acp10sim\acp10sim.var"
    LogicalPath="Libraries.Acp10sim.acp10sim.var"
    Type="File"
    LastWriteTime="132185403860000000"
    Private="false" />
  <Object
    Path="C:\Projects\Lab4\Logical\Libraries\Acp10sim\acp10sim.typ"
    LogicalPath="Libraries.Acp10sim.acp10sim.typ"
    Type="File"
    LastWriteTime="132185403860000000"
    Private="false" />
  <Object
    Path="C:\Projects\Lab4\Logical\Libraries\AsIOTime\binary.lby"
    LogicalPath="Libraries.AsIOTime"
    Type="Library"
    LastWriteTime="132185403940000000" />
  <Object
    Path="C:\Projects\Lab4\Logical\Libraries\AsIOTime\AsIOTime.fun"
    LogicalPath="Libraries.AsIOTime.AsIOTime.fun"
    Type="File"
    LastWriteTime="132185403940000000"
    Private="false" />
  <Object
    Path="C:\Projects\Lab4\Logical\Libraries\AsIOTime\AsIOTime.typ"
    LogicalPath="Libraries.AsIOTime.AsIOTime.typ"
    Type="File"
    LastWriteTime="132185403940000000"
    Private="false" />
  <Object
    Path="C:\Projects\Lab4\Logical\Libraries\AsIOTime\AsIOTime.var"
    LogicalPath="Libraries.AsIOTime.AsIOTime.var"
    Type="File"
    LastWriteTime="132185403940000000"
    Private="false" />
  <Object
    Path="C:\Projects\Lab4\Logical\Libraries\MotorCtrl\ANSIC.lby"
    LogicalPath="Libraries.MotorCtrl"
    Type="Library"
    LastWriteTime="132185404720000000" />
  <Object
    Path="C:\Projects\Lab4\Logical\Libraries\MotorCtrl\Types.typ"
    LogicalPath="Libraries.MotorCtrl.Types.typ"
    Type="File"
    LastWriteTime="132196841200000000"
    Private="false" />
  <Object
    Path="C:\Projects\Lab4\Logical\Libraries\MotorCtrl\Constants.var"
    LogicalPath="Libraries.MotorCtrl.Constants.var"
    Type="File"
    LastWriteTime="132185404700000000"
    Private="false" />
  <Object
    Path="C:\Projects\Lab4\Logical\Libraries\MotorCtrl\MotorCtrl.fun"
    LogicalPath="Libraries.MotorCtrl.MotorCtrl.fun"
    Type="File"
    LastWriteTime="132199441880000000"
    Private="false" />
  <Object
    Path="C:\Projects\Lab4\Logical\Libraries\MotorCtrl\FB_Regulator.c"
    LogicalPath="Libraries.MotorCtrl.FB_Regulator.c"
    Type="File"
    LastWriteTime="132199294020000000"
    Private="false" />
  <Object
    Path="C:\Projects\Lab4\Logical\Libraries\MotorCtrl\FB_Motor.c"
    LogicalPath="Libraries.MotorCtrl.FB_Motor.c"
    Type="File"
    LastWriteTime="132185404720000000"
    Private="false" />
  <Object
    Path="C:\Projects\Lab4\Logical\Libraries\MotorCtrl\FB_Integrator.c"
    LogicalPath="Libraries.MotorCtrl.FB_Integrator.c"
    Type="File"
    LastWriteTime="132185404720000000"
    Private="false" />
  <Object
    Path="C:\Projects\Lab4\Logical\Libraries\MotorCtrl\FB_Axis.c"
    LogicalPath="Libraries.MotorCtrl.FB_Axis.c"
    Type="File"
    LastWriteTime="132199416400000000"
    Private="false" />
  <Object
    Path="C:\Projects\Lab4\Logical\Libraries\Arnc0man\binary.lby"
    LogicalPath="Libraries.Arnc0man"
    Type="Library"
    LastWriteTime="132200479475078573" />
  <Object
    Path="C:\Projects\Lab4\Logical\Libraries\Arnc0man\arnc0man.typ"
    LogicalPath="Libraries.Arnc0man.arnc0man.typ"
    Type="File"
    LastWriteTime="132200479475078573"
    Private="false" />
  <Object
    Path="C:\Projects\Lab4\Logical\Libraries\DataObj\binary.lby"
    LogicalPath="Libraries.DataObj"
    Type="Library"
    LastWriteTime="132200479477634536" />
  <Object
    Path="C:\Projects\Lab4\Logical\Libraries\DataObj\DataObj.fun"
    LogicalPath="Libraries.DataObj.DataObj.fun"
    Type="File"
    LastWriteTime="132200479477474364"
    Private="false" />
  <Object
    Path="C:\Projects\Lab4\Logical\Libraries\DataObj\DataObj.typ"
    LogicalPath="Libraries.DataObj.DataObj.typ"
    Type="File"
    LastWriteTime="132200479477634536"
    Private="false" />
  <Object
    Path="C:\Projects\Lab4\Logical\Libraries\DataObj\DataObj.var"
    LogicalPath="Libraries.DataObj.DataObj.var"
    Type="File"
    LastWriteTime="132200479477634536"
    Private="false" />
  <Object
    Path="C:\Projects\Lab4\Logical\Libraries\AsArLog\binary.lby"
    LogicalPath="Libraries.AsArLog"
    Type="Library"
    LastWriteTime="132200479478643329" />
  <Object
    Path="C:\Projects\Lab4\Logical\Libraries\AsArLog\AsArLog.fun"
    LogicalPath="Libraries.AsArLog.AsArLog.fun"
    Type="File"
    LastWriteTime="132200479478479772"
    Private="false" />
  <Object
    Path="C:\Projects\Lab4\Logical\Libraries\AsArLog\AsArLog.typ"
    LogicalPath="Libraries.AsArLog.AsArLog.typ"
    Type="File"
    LastWriteTime="132200479478479772"
    Private="false" />
  <Object
    Path="C:\Projects\Lab4\Logical\Libraries\AsArLog\AsArLog.var"
    LogicalPath="Libraries.AsArLog.AsArLog.var"
    Type="File"
    LastWriteTime="132200479478643329"
    Private="false" />
  <Object
    Path="C:\Projects\Lab4\Logical\Libraries\FileIO\binary.lby"
    LogicalPath="Libraries.FileIO"
    Type="Library"
    LastWriteTime="132200479479481634" />
  <Object
    Path="C:\Projects\Lab4\Logical\Libraries\FileIO\FileIO.fun"
    LogicalPath="Libraries.FileIO.FileIO.fun"
    Type="File"
    LastWriteTime="132200479479269946"
    Private="false" />
  <Object
    Path="C:\Projects\Lab4\Logical\Libraries\FileIO\FileIO.typ"
    LogicalPath="Libraries.FileIO.FileIO.typ"
    Type="File"
    LastWriteTime="132200479479269946"
    Private="false" />
  <Object
    Path="C:\Projects\Lab4\Logical\Libraries\FileIO\FileIO.var"
    LogicalPath="Libraries.FileIO.FileIO.var"
    Type="File"
    LastWriteTime="132200479479481634"
    Private="false" />
  <Object
    Path="C:\Projects\Lab4\Logical\Libraries\AsArProf\binary.lby"
    LogicalPath="Libraries.AsArProf"
    Type="Library"
    LastWriteTime="132200479480241946" />
  <Object
    Path="C:\Projects\Lab4\Logical\Libraries\AsArProf\AsArProf.fun"
    LogicalPath="Libraries.AsArProf.AsArProf.fun"
    Type="File"
    LastWriteTime="132200479480031628"
    Private="false" />
  <Object
    Path="C:\Projects\Lab4\Logical\Libraries\AsArProf\AsArProf.typ"
    LogicalPath="Libraries.AsArProf.AsArProf.typ"
    Type="File"
    LastWriteTime="132200479480132370"
    Private="false" />
  <Object
    Path="C:\Projects\Lab4\Logical\Libraries\AsArProf\AsArProf.var"
    LogicalPath="Libraries.AsArProf.AsArProf.var"
    Type="File"
    LastWriteTime="132200479480235886"
    Private="false" />
  <Object
    Path="C:\Projects\Lab4\Logical\Libraries\AsMem\binary.lby"
    LogicalPath="Libraries.AsMem"
    Type="Library"
    LastWriteTime="132200479481130768" />
  <Object
    Path="C:\Projects\Lab4\Logical\Libraries\AsMem\AsMem.fun"
    LogicalPath="Libraries.AsMem.AsMem.fun"
    Type="File"
    LastWriteTime="132200479480988147"
    Private="false" />
  <Object
    Path="C:\Projects\Lab4\Logical\Libraries\AsMem\AsMem.typ"
    LogicalPath="Libraries.AsMem.AsMem.typ"
    Type="File"
    LastWriteTime="132200479480988147"
    Private="false" />
  <Object
    Path="C:\Projects\Lab4\Logical\Libraries\AsMem\AsMem.var"
    LogicalPath="Libraries.AsMem.AsMem.var"
    Type="File"
    LastWriteTime="132200479481130768"
    Private="false" />
  <Object
    Path="C:\Projects\Lab4\Logical\acp10etxen\Ett.dob"
    LogicalPath="acp10etxen"
    Type="DataObject"
    LastWriteTime="132185400680000000" />
  <Object
    Path="C:\Projects\Lab4\Logical\acp10etxen\acp10etxen.ett"
    LogicalPath="acp10etxen.acp10etxen.ett"
    Type="File"
    LastWriteTime="132185400700000000"
    Private="false" />
  <Object
    Path="C:\Projects\Lab4\Logical\SDCAxisCtrlX\ANSIC.prg"
    LogicalPath="SDCAxisCtrlX"
    Type="Program"
    LastWriteTime="132185404900000000" />
  <Object
    Path="C:\Projects\Lab4\Logical\SDCAxisCtrlX\Main.c"
    LogicalPath="SDCAxisCtrlX.Main.c"
    Type="File"
    LastWriteTime="132200471519470280"
    Private="false" />
  <Object
    Path="C:\Projects\Lab4\Logical\SDCAxisCtrlX\Types.typ"
    LogicalPath="SDCAxisCtrlX.Types.typ"
    Type="File"
    LastWriteTime="132185404900000000"
    Private="true" />
  <Object
    Path="C:\Projects\Lab4\Logical\SDCAxisCtrlX\Variables.var"
    LogicalPath="SDCAxisCtrlX.Variables.var"
    Type="File"
    LastWriteTime="132200468873259833"
    Private="true" />
  <Object
    Path="C:\Projects\Lab4\Logical\SDCAxisCtrlY\ANSIC.prg"
    LogicalPath="SDCAxisCtrlY"
    Type="Program"
    LastWriteTime="132200458765434152" />
  <Object
    Path="C:\Projects\Lab4\Logical\SDCAxisCtrlY\Main.c"
    LogicalPath="SDCAxisCtrlY.Main.c"
    Type="File"
    LastWriteTime="132200471344950539"
    Private="false" />
  <Object
    Path="C:\Projects\Lab4\Logical\SDCAxisCtrlY\Types.typ"
    LogicalPath="SDCAxisCtrlY.Types.typ"
    Type="File"
    LastWriteTime="132200458765434152"
    Private="true" />
  <Object
    Path="C:\Projects\Lab4\Logical\SDCAxisCtrlY\Variables.var"
    LogicalPath="SDCAxisCtrlY.Variables.var"
    Type="File"
    LastWriteTime="132200469419087946"
    Private="true" />
  <Object
    Path="C:\Projects\Lab4\Logical\SDCAxisCtrlZ\ANSIC.prg"
    LogicalPath="SDCAxisCtrlZ"
    Type="Program"
    LastWriteTime="132200461126376093" />
  <Object
    Path="C:\Projects\Lab4\Logical\SDCAxisCtrlZ\Main.c"
    LogicalPath="SDCAxisCtrlZ.Main.c"
    Type="File"
    LastWriteTime="132200471418073404"
    Private="false" />
  <Object
    Path="C:\Projects\Lab4\Logical\SDCAxisCtrlZ\Types.typ"
    LogicalPath="SDCAxisCtrlZ.Types.typ"
    Type="File"
    LastWriteTime="132200461126297853"
    Private="true" />
  <Object
    Path="C:\Projects\Lab4\Logical\SDCAxisCtrlZ\Variables.var"
    LogicalPath="SDCAxisCtrlZ.Variables.var"
    Type="File"
    LastWriteTime="132200469531468994"
    Private="true" />
  <Object
    Path="C:\Projects\Lab4\Logical\AxisParameters\Package.pkg"
    LogicalPath="AxisParameters"
    Type="Package"
    LastWriteTime="132200548397882987" />
  <Object
    Path="C:\Projects\Lab4\Logical\AxisParameters\Axis_Xobj\Package.pkg"
    LogicalPath="AxisParameters.Axis_Xobj"
    Type="Package"
    LastWriteTime="132200478503897815" />
  <Object
    Path="C:\Projects\Lab4\Logical\AxisParameters\Axis_Xobj\Axis_Xa\Apt.dob"
    LogicalPath="AxisParameters.Axis_Xobj.Axis_Xa"
    Type="DataObject"
    LastWriteTime="132200478503743929" />
  <Object
    Path="C:\Projects\Lab4\Logical\AxisParameters\Axis_Xobj\Axis_Xa\Axis_Xa.apt"
    LogicalPath="AxisParameters.Axis_Xobj.Axis_Xa.Axis_Xa.apt"
    Type="File"
    LastWriteTime="132200478503743929"
    Private="false" />
  <Object
    Path="C:\Projects\Lab4\Logical\AxisParameters\Axis_Xobj\Axis_Xi\Ax.dob"
    LogicalPath="AxisParameters.Axis_Xobj.Axis_Xi"
    Type="DataObject"
    LastWriteTime="132200478503897815" />
  <Object
    Path="C:\Projects\Lab4\Logical\AxisParameters\Axis_Xobj\Axis_Xi\Axis_Xi.ax"
    LogicalPath="AxisParameters.Axis_Xobj.Axis_Xi.Axis_Xi.ax"
    Type="File"
    LastWriteTime="132200545864437460"
    Private="false" />
  <Object
    Path="C:\Projects\Lab4\Logical\GUI\Vc.dob"
    LogicalPath="GUI"
    Type="DataObject"
    LastWriteTime="132200473706923172" />
  <Object
    Path="C:\Projects\Lab4\Logical\GUI\VCObject.vc"
    LogicalPath="GUI.VCObject.vc"
    Type="File"
    LastWriteTime="132200461091242558"
    Private="false" />
  <Object
    Path="C:\Projects\Lab4\Logical\GmcIpConfig\Package.pkg"
    LogicalPath="GmcIpConfig"
    Type="Package"
    LastWriteTime="131647977000000000" />
  <Object
    Path="C:\Projects\Lab4\Logical\GmcIpConfig\gmcipsys\Cnc.dob"
    LogicalPath="GmcIpConfig.gmcipsys"
    Type="DataObject"
    LastWriteTime="131647977000000000" />
  <Object
    Path="C:\Projects\Lab4\Logical\GmcIpConfig\gmcipsys\gmcipsys.cnc"
    LogicalPath="GmcIpConfig.gmcipsys.gmcipsys.cnc"
    Type="File"
    LastWriteTime="131647977000000000"
    Private="false" />
  <Object
    Path="C:\Projects\Lab4\Logical\GmcIpConfig\gmciplbr\Cnc.dob"
    LogicalPath="GmcIpConfig.gmciplbr"
    Type="DataObject"
    LastWriteTime="131647977000000000" />
  <Object
    Path="C:\Projects\Lab4\Logical\GmcIpConfig\gmciplbr\gmciplbr.cnc"
    LogicalPath="GmcIpConfig.gmciplbr.gmciplbr.cnc"
    Type="File"
    LastWriteTime="131647977000000000"
    Private="false" />
  <Object
    Path="C:\Projects\Lab4\Logical\GmcIpConfig\gmcipcbr\Cnc.dob"
    LogicalPath="GmcIpConfig.gmcipcbr"
    Type="DataObject"
    LastWriteTime="131647977000000000" />
  <Object
    Path="C:\Projects\Lab4\Logical\GmcIpConfig\gmcipcbr\gmcipcbr.cnc"
    LogicalPath="GmcIpConfig.gmcipcbr.gmcipcbr.cnc"
    Type="File"
    LastWriteTime="131647977000000000"
    Private="false" />
  <Object
    Path="C:\Projects\Lab4\Logical\GmcIpConfig\gmciplsm\Cnc.dob"
    LogicalPath="GmcIpConfig.gmciplsm"
    Type="DataObject"
    LastWriteTime="131647977000000000" />
  <Object
    Path="C:\Projects\Lab4\Logical\GmcIpConfig\gmciplsm\gmciplsm.cnc"
    LogicalPath="GmcIpConfig.gmciplsm.gmciplsm.cnc"
    Type="File"
    LastWriteTime="131647977000000000"
    Private="false" />
  <Object
    Path="C:\Projects\Lab4\Logical\GmcIpConfig\gmcipcsm\Cnc.dob"
    LogicalPath="GmcIpConfig.gmcipcsm"
    Type="DataObject"
    LastWriteTime="131647977000000000" />
  <Object
    Path="C:\Projects\Lab4\Logical\GmcIpConfig\gmcipcsm\gmcipcsm.cnc"
    LogicalPath="GmcIpConfig.gmcipcsm.gmcipcsm.cnc"
    Type="File"
    LastWriteTime="131647977000000000"
    Private="false" />
  <Object
    Path="C:\Projects\Lab4\Logical\GmcIpConfig\gmcipcfg\Cnc.dob"
    LogicalPath="GmcIpConfig.gmcipcfg"
    Type="DataObject"
    LastWriteTime="131647977000000000" />
  <Object
    Path="C:\Projects\Lab4\Logical\GmcIpConfig\gmcipcfg\gmcipcfg.cnc"
    LogicalPath="GmcIpConfig.gmcipcfg.gmcipcfg.cnc"
    Type="File"
    LastWriteTime="131647977000000000"
    Private="false" />
  <Object
    Path="C:\Projects\Lab4\Logical\GmcIpConfig\gmcipiec\Cnc.dob"
    LogicalPath="GmcIpConfig.gmcipiec"
    Type="DataObject"
    LastWriteTime="131647977000000000" />
  <Object
    Path="C:\Projects\Lab4\Logical\GmcIpConfig\gmcipiec\gmcipiec.cnc"
    LogicalPath="GmcIpConfig.gmcipiec.gmcipiec.cnc"
    Type="File"
    LastWriteTime="131647977000000000"
    Private="false" />
  <Object
    Path="C:\Projects\Lab4\Logical\GmcIpConfig\gmciplog\Cnc.dob"
    LogicalPath="GmcIpConfig.gmciplog"
    Type="DataObject"
    LastWriteTime="131647977000000000" />
  <Object
    Path="C:\Projects\Lab4\Logical\GmcIpConfig\gmciplog\gmciplog.cnc"
    LogicalPath="GmcIpConfig.gmciplog.gmciplog.cnc"
    Type="File"
    LastWriteTime="131647977000000000"
    Private="false" />
  <Object
    Path="C:\Projects\Lab4\Logical\GmcIpConfig\gmcipesm\Cnc.dob"
    LogicalPath="GmcIpConfig.gmcipesm"
    Type="DataObject"
    LastWriteTime="131647977000000000" />
  <Object
    Path="C:\Projects\Lab4\Logical\GmcIpConfig\gmcipesm\gmcipesm.cnc"
    LogicalPath="GmcIpConfig.gmcipesm.gmcipesm.cnc"
    Type="File"
    LastWriteTime="131647977000000000"
    Private="false" />
  <Object
    Path="C:\Projects\Lab4\Logical\GmcIpConfig\gmcipmxd\Cnc.dob"
    LogicalPath="GmcIpConfig.gmcipmxd"
    Type="DataObject"
    LastWriteTime="131647977000000000" />
  <Object
    Path="C:\Projects\Lab4\Logical\GmcIpConfig\gmcipmxd\gmcipmxd.cnc"
    LogicalPath="GmcIpConfig.gmcipmxd.gmcipmxd.cnc"
    Type="File"
    LastWriteTime="131647977000000000"
    Private="false" />
  <Object
    Path="C:\Projects\Lab4\Logical\GmcIpConfig\gmcipmx\Cnc.dob"
    LogicalPath="GmcIpConfig.gmcipmx"
    Type="DataObject"
    LastWriteTime="131647977000000000" />
  <Object
    Path="C:\Projects\Lab4\Logical\GmcIpConfig\gmcipmx\gmcipmx.cnc"
    LogicalPath="GmcIpConfig.gmcipmx.gmcipmx.cnc"
    Type="File"
    LastWriteTime="131647977000000000"
    Private="false" />
  <Object
    Path="C:\Projects\Lab4\Logical\GmcIpUserConfig\Package.pkg"
    LogicalPath="GmcIpUserConfig"
    Type="Package"
    LastWriteTime="131647977260000000" />
  <Object
    Path="C:\Projects\Lab4\Logical\GmcIpUserConfig\gmcipvar\Cnc.dob"
    LogicalPath="GmcIpUserConfig.gmcipvar"
    Type="DataObject"
    LastWriteTime="131647977260000000" />
  <Object
    Path="C:\Projects\Lab4\Logical\GmcIpUserConfig\gmcipvar\gmcipvar.cnc"
    LogicalPath="GmcIpUserConfig.gmcipvar.gmcipvar.cnc"
    Type="File"
    LastWriteTime="131647977260000000"
    Private="false" />
  <Object
    Path="C:\Projects\Lab4\Logical\GmcIpUserConfig\gmcipfun\Cnc.dob"
    LogicalPath="GmcIpUserConfig.gmcipfun"
    Type="DataObject"
    LastWriteTime="131647977260000000" />
  <Object
    Path="C:\Projects\Lab4\Logical\GmcIpUserConfig\gmcipfun\gmcipfun.cnc"
    LogicalPath="GmcIpUserConfig.gmcipfun.gmcipfun.cnc"
    Type="File"
    LastWriteTime="131647977260000000"
    Private="false" />
  <Object
    Path="C:\Projects\Lab4\Logical\GmcIpUserConfig\gmcipfub\Cnc.dob"
    LogicalPath="GmcIpUserConfig.gmcipfub"
    Type="DataObject"
    LastWriteTime="131647977260000000" />
  <Object
    Path="C:\Projects\Lab4\Logical\GmcIpUserConfig\gmcipfub\gmcipfub.cnc"
    LogicalPath="GmcIpUserConfig.gmcipfub.gmcipfub.cnc"
    Type="File"
    LastWriteTime="131647977260000000"
    Private="false" />
  <Object
    Path="C:\Projects\Lab4\Logical\GmcIpUserConfig\gmcipubr\Cnc.dob"
    LogicalPath="GmcIpUserConfig.gmcipubr"
    Type="DataObject"
    LastWriteTime="131647977260000000" />
  <Object
    Path="C:\Projects\Lab4\Logical\GmcIpUserConfig\gmcipubr\gmcipubr.cnc"
    LogicalPath="GmcIpUserConfig.gmcipubr.gmcipubr.cnc"
    Type="File"
    LastWriteTime="131647977260000000"
    Private="false" />
  <Object
    Path="C:\Projects\Lab4\Logical\GmcIpUserConfig\gmcipusm\Cnc.dob"
    LogicalPath="GmcIpUserConfig.gmcipusm"
    Type="DataObject"
    LastWriteTime="131647977260000000" />
  <Object
    Path="C:\Projects\Lab4\Logical\GmcIpUserConfig\gmcipusm\gmcipusm.cnc"
    LogicalPath="GmcIpUserConfig.gmcipusm.gmcipusm.cnc"
    Type="File"
    LastWriteTime="131647977260000000"
    Private="false" />
  <Object
    Path="C:\Projects\Lab4\Logical\GmcIpUserConfig\gmcipui\Cnc.dob"
    LogicalPath="GmcIpUserConfig.gmcipui"
    Type="DataObject"
    LastWriteTime="131647977260000000" />
  <Object
    Path="C:\Projects\Lab4\Logical\GmcIpUserConfig\gmcipui\gmcipui.cnc"
    LogicalPath="GmcIpUserConfig.gmcipui.gmcipui.cnc"
    Type="File"
    LastWriteTime="131647977260000000"
    Private="false" />
  <Object
    Path="C:\Projects\Lab4\Logical\GmcIpUserConfig\gmcipus\Cnc.dob"
    LogicalPath="GmcIpUserConfig.gmcipus"
    Type="DataObject"
    LastWriteTime="131647977260000000" />
  <Object
    Path="C:\Projects\Lab4\Logical\GmcIpUserConfig\gmcipus\gmcipus.cnc"
    LogicalPath="GmcIpUserConfig.gmcipus.gmcipus.cnc"
    Type="File"
    LastWriteTime="131647977260000000"
    Private="false" />
  <Object
    Path="C:\Projects\Lab4\Logical\GmcIpUserConfig\gmcipuc\Cnc.dob"
    LogicalPath="GmcIpUserConfig.gmcipuc"
    Type="DataObject"
    LastWriteTime="131647977260000000" />
  <Object
    Path="C:\Projects\Lab4\Logical\GmcIpUserConfig\gmcipuc\gmcipuc.cnc"
    LogicalPath="GmcIpUserConfig.gmcipuc.gmcipuc.cnc"
    Type="File"
    LastWriteTime="131647977260000000"
    Private="false" />
  <Object
    Path="C:\Projects\Lab4\Logical\CncInit\Cns.dob"
    LogicalPath="CncInit"
    Type="DataObject"
    LastWriteTime="132200484037325436" />
  <Object
    Path="C:\Projects\Lab4\Logical\CncInit\CncInit.cns"
    LogicalPath="CncInit.CncInit.cns"
    Type="File"
    LastWriteTime="132200485488874978"
    Private="false" />
  <Object
    Path="C:\Projects\Lab4\Logical\CncProg\Cnc.dob"
    LogicalPath="CncProg"
    Type="DataObject"
    LastWriteTime="132200487912481020" />
  <Object
    Path="C:\Projects\Lab4\Logical\CncProg\CncProg.cnc"
    LogicalPath="CncProg.CncProg.cnc"
    Type="File"
    LastWriteTime="132200516802085098"
    Private="false" />
  <Object
    Path="C:\Projects\Lab4\Physical\Real\Config.pkg"
    LogicalPath="Real"
    Type="Configuration.ParentUnknown"
    LastWriteTime="132185399960000000" />
  <Object
    Path="C:\Projects\Lab4\Physical\Real\Hardware.hw"
    LogicalPath="Real.Hardware.hw"
    Type="File"
    LastWriteTime="132200523543857147"
    Private="false" />
  <Object
    Path="C:\Projects\Lab4\Physical\Real\Hardware.hwl"
    LogicalPath="Real.Hardware.hwl"
    Type="File"
    LastWriteTime="132200481898349463"
    Private="false" />
  <Object
    Path="C:\Projects\Lab4\Physical\Real\4PP065_0571_P74\Cpu.pkg"
    LogicalPath="Real.4PP065_0571_P74"
    Type="Cpu"
    LastWriteTime="132185400540000000" />
  <Object
    Path="C:\Projects\Lab4\Physical\Real\4PP065_0571_P74\Cpu.sw"
    LogicalPath="Real.4PP065_0571_P74.Cpu.sw"
    Type="File"
    LastWriteTime="132200548399076212"
    Private="false" />
  <Object
    Path="C:\Projects\Lab4\Physical\Real\4PP065_0571_P74\Cpu.per"
    LogicalPath="Real.4PP065_0571_P74.Cpu.per"
    Type="File"
    LastWriteTime="132185399920000000"
    Private="false" />
  <Object
    Path="C:\Projects\Lab4\Physical\Real\4PP065_0571_P74\IoMap.iom"
    LogicalPath="Real.4PP065_0571_P74.IoMap.iom"
    Type="File"
    LastWriteTime="132200481876472087"
    Private="false" />
  <Object
    Path="C:\Projects\Lab4\Physical\Real\4PP065_0571_P74\PvMap.vvm"
    LogicalPath="Real.4PP065_0571_P74.PvMap.vvm"
    Type="File"
    LastWriteTime="132185399920000000"
    Private="false" />
  <Object
    Path="C:\Projects\Lab4\Physical\Real\4PP065_0571_P74\Connectivity\Package.pkg"
    LogicalPath="Real.4PP065_0571_P74.Connectivity"
    Type="Package"
    LastWriteTime="132185399920000000" />
  <Object
    Path="C:\Projects\Lab4\Physical\Real\4PP065_0571_P74\Connectivity\OpcUA\Package.pkg"
    LogicalPath="Real.4PP065_0571_P74.Connectivity.OpcUA"
    Type="Package"
    LastWriteTime="132185399920000000" />
  <Object
    Path="C:\Projects\Lab4\Physical\Real\4PP065_0571_P74\TextSystem\Package.pkg"
    LogicalPath="Real.4PP065_0571_P74.TextSystem"
    Type="Package"
    LastWriteTime="132185399920000000" />
  <Object
    Path="C:\Projects\Lab4\Physical\Real\4PP065_0571_P74\UnitSystem\Package.pkg"
    LogicalPath="Real.4PP065_0571_P74.UnitSystem"
    Type="Package"
    LastWriteTime="132185399920000000" />
  <Object
    Path="C:\Projects\Lab4\Physical\Real\4PP065_0571_P74\AccessAndSecurity\Package.pkg"
    LogicalPath="Real.4PP065_0571_P74.AccessAndSecurity"
    Type="Package"
    LastWriteTime="132185399920000000" />
  <Object
    Path="C:\Projects\Lab4\Physical\Real\4PP065_0571_P74\AccessAndSecurity\UserRoleSystem\Package.pkg"
    LogicalPath="Real.4PP065_0571_P74.AccessAndSecurity.UserRoleSystem"
    Type="Package"
    LastWriteTime="132185399920000000" />
  <Object
    Path="C:\Projects\Lab4\Physical\Real\4PP065_0571_P74\AccessAndSecurity\UserRoleSystem\Role.role"
    LogicalPath="Real.4PP065_0571_P74.AccessAndSecurity.UserRoleSystem.Role.role"
    Type="File"
    LastWriteTime="132185399920000000"
    Private="false" />
  <Object
    Path="C:\Projects\Lab4\Physical\Real\4PP065_0571_P74\AccessAndSecurity\UserRoleSystem\User.user"
    LogicalPath="Real.4PP065_0571_P74.AccessAndSecurity.UserRoleSystem.User.user"
    Type="File"
    LastWriteTime="132185399920000000"
    Private="false" />
  <Object
    Path="C:\Projects\Lab4\Physical\Real\4PP065_0571_P74\AccessAndSecurity\CertificateStore\Package.pkg"
    LogicalPath="Real.4PP065_0571_P74.AccessAndSecurity.CertificateStore"
    Type="Package"
    LastWriteTime="132185399920000000" />
  <Object
    Path="C:\Projects\Lab4\Physical\Real\4PP065_0571_P74\AccessAndSecurity\CertificateStore\OwnCertificates\Package.pkg"
    LogicalPath="Real.4PP065_0571_P74.AccessAndSecurity.CertificateStore.OwnCertificates"
    Type="Package"
    LastWriteTime="132185399920000000" />
  <Object
    Path="C:\Projects\Lab4\Physical\Real\4PP065_0571_P74\AccessAndSecurity\CertificateStore\OwnCertificates\Certificates\Package.pkg"
    LogicalPath="Real.4PP065_0571_P74.AccessAndSecurity.CertificateStore.OwnCertificates.Certificates"
    Type="Package"
    LastWriteTime="132185399920000000" />
  <Object
    Path="C:\Projects\Lab4\Physical\Real\4PP065_0571_P74\AccessAndSecurity\CertificateStore\OwnCertificates\PrivateKeys\Package.pkg"
    LogicalPath="Real.4PP065_0571_P74.AccessAndSecurity.CertificateStore.OwnCertificates.PrivateKeys"
    Type="Package"
    LastWriteTime="132185399920000000" />
  <Object
    Path="C:\Projects\Lab4\Physical\Real\4PP065_0571_P74\AccessAndSecurity\CertificateStore\ThirdPartyCertificates\Package.pkg"
    LogicalPath="Real.4PP065_0571_P74.AccessAndSecurity.CertificateStore.ThirdPartyCertificates"
    Type="Package"
    LastWriteTime="132185399920000000" />
  <Object
    Path="C:\Projects\Lab4\Physical\Real\4PP065_0571_P74\AccessAndSecurity\CertificateStore\ThirdPartyCertificates\SoftwareCertificates\Package.pkg"
    LogicalPath="Real.4PP065_0571_P74.AccessAndSecurity.CertificateStore.ThirdPartyCertificates.SoftwareCertificates"
    Type="Package"
    LastWriteTime="132185399920000000" />
  <Object
    Path="C:\Projects\Lab4\Physical\Real\4PP065_0571_P74\AccessAndSecurity\CertificateStore\CertificateRevocationLists\Package.pkg"
    LogicalPath="Real.4PP065_0571_P74.AccessAndSecurity.CertificateStore.CertificateRevocationLists"
    Type="Package"
    LastWriteTime="132185399920000000" />
  <Object
    Path="C:\Projects\Lab4\Physical\Real\4PP065_0571_P74\AccessAndSecurity\CertificateStore\CertificateSigningRequests\Package.pkg"
    LogicalPath="Real.4PP065_0571_P74.AccessAndSecurity.CertificateStore.CertificateSigningRequests"
    Type="Package"
    LastWriteTime="132185399920000000" />
  <Object
    Path="C:\Projects\Lab4\Physical\Real\4PP065_0571_P74\AccessAndSecurity\TransportLayerSecurity\Package.pkg"
    LogicalPath="Real.4PP065_0571_P74.AccessAndSecurity.TransportLayerSecurity"
    Type="Package"
    LastWriteTime="132185399920000000" />
  <Object
    Path="C:\Projects\Lab4\Physical\Real\4PP065_0571_P74\mappControl\Package.pkg"
    LogicalPath="Real.4PP065_0571_P74.mappControl"
    Type="Package"
    LastWriteTime="132185399920000000" />
  <Object
    Path="C:\Projects\Lab4\Physical\Real\4PP065_0571_P74\mappMotion\Package.pkg"
    LogicalPath="Real.4PP065_0571_P74.mappMotion"
    Type="Package"
    LastWriteTime="132185399940000000" />
  <Object
    Path="C:\Projects\Lab4\Physical\Real\4PP065_0571_P74\mappServices\Package.pkg"
    LogicalPath="Real.4PP065_0571_P74.mappServices"
    Type="Package"
    LastWriteTime="132185399940000000" />
  <Object
    Path="C:\Projects\Lab4\Physical\Real\4PP065_0571_P74\mappView\Package.pkg"
    LogicalPath="Real.4PP065_0571_P74.mappView"
    Type="Package"
    LastWriteTime="132185399940000000" />
  <Object
    Path="C:\Projects\Lab4\Physical\Real\4PP065_0571_P74\mappCockpit\Package.pkg"
    LogicalPath="Real.4PP065_0571_P74.mappCockpit"
    Type="Package"
    LastWriteTime="132185399940000000" />
  <Object
    Path="C:\Projects\Lab4\Physical\Real\4PP065_0571_P74\Motion\Package.pkg"
    LogicalPath="Real.4PP065_0571_P74.Motion"
    Type="Package"
    LastWriteTime="132200479507100680" />
  <Object
    Path="C:\Projects\Lab4\Physical\Real\4PP065_0571_P74\Motion\Acp10map.ncm"
    LogicalPath="Real.4PP065_0571_P74.Motion.Acp10map.ncm"
    Type="File"
    LastWriteTime="132200481875939824"
    Private="false" />
  <Object
    Path="C:\Projects\Lab4\Physical\Real\4PP065_0571_P74\Motion\Acp10cfg.ncc"
    LogicalPath="Real.4PP065_0571_P74.Motion.Acp10cfg.ncc"
    Type="File"
    LastWriteTime="132185401860000000"
    Private="false" />
  <Object
    Path="C:\Projects\Lab4\Physical\Real\4PP065_0571_P74\Motion\Acp10sys.br"
    LogicalPath="Real.4PP065_0571_P74.Motion.Acp10sys.br"
    Type="File"
    LastWriteTime="132185400560000000"
    Private="false" />
  <Object
    Path="C:\Projects\Lab4\Physical\Real\4PP065_0571_P74\Motion\Acp10map1.ncm"
    LogicalPath="Real.4PP065_0571_P74.Motion.Acp10map1.ncm"
    Type="File"
    LastWriteTime="132200548775403962"
    Private="false" />
  <Object
    Path="C:\Projects\Lab4\Physical\Real\4PP065_0571_P74\Motion\Arnc0cfg.ncc"
    LogicalPath="Real.4PP065_0571_P74.Motion.Arnc0cfg.ncc"
    Type="File"
    LastWriteTime="132200479502357342"
    Private="false" />
  <Object
    Path="C:\Projects\Lab4\Physical\Real\4PP065_0571_P74\Motion\Arnc0map.ncm"
    LogicalPath="Real.4PP065_0571_P74.Motion.Arnc0map.ncm"
    Type="File"
    LastWriteTime="132200544201472944"
    Private="false" />
  <Object
    Path="C:\Projects\Lab4\Logical\Libraries\Arnc0man\SG4\Arnc0sys.br"
    LogicalPath="Real.4PP065_0571_P74.Motion.Arnc0sys.br"
    Type="File"
    LastWriteTime="131647940560000000"
    Private="false" />
  <Object
    Path="C:\Projects\Lab4\Physical\Real\Hardware.jpg"
    LogicalPath="Real.Hardware.jpg"
    Type="File"
    LastWriteTime="132200482825426323"
    Private="false" />
</Objects>