<?xml version="1.0" encoding="utf-8"?>
<?AutomationStudio Version=3.0?>
<Transfer xmlns="http://br-automation.co.at/AS/Transfer">
  <OperatingSystem Version="D4.52"/>
  <Hardware Target="SG4"/>
  <Operation Delete="SDCAxisCt2.br"/>
  <Operation Delete="SDCAxisCt1.br"/>
  <Operation Delete="SDCAxisCtr.br"/>
  <Operation Delete="GUI.br"/>
  <Operation Delete="vcpfar00.br"/>
  <Operation Delete="vcpdvnc.br"/>
  <Operation Delete="vctcal.br"/>
  <Operation Delete="vcpfpp30.br"/>
  <Operation Delete="vcbclass.br"/>
  <Operation Delete="vccnum.br"/>
  <Operation Delete="vccbtn.br"/>
  <Operation Delete="vccdt.br"/>
  <Operation Delete="vcptelo.br"/>
  <Operation Delete="vcalarm.br"/>
  <Operation Delete="vccovl.br"/>
  <Operation Delete="vcfntttf.br"/>
  <Operation Delete="vcdsloc.br"/>
  <Operation Delete="vcdsint.br"/>
  <Operation Delete="vcfile.br"/>
  <Operation Delete="vccslider.br"/>
  <Operation Delete="vcctext.br"/>
  <Operation Delete="vcmgr.br"/>
  <Operation Delete="vcrt.br"/>
  <Operation Delete="vcpdsw.br"/>
  <Operation Delete="vcshared.br"/>
  <Operation Delete="arial.br"/>
  <Operation Delete="arialbd.br"/>
  <Operation Delete="GUI03.br"/>
  <Operation Delete="GUI02.br"/>
  <Operation Delete="GUI01.br"/>
  <Operation Delete="vcnet.br"/>
  <Operation Delete="vcgclass.br"/>
  <Operation Delete="vcpfmtcx.br"/>
  <Operation Delete="Arnc0man.br"/>
  <Operation Delete="Acp10sim.br"/>
  <Operation Delete="Acp10_MC.br"/>
  <Operation Delete="Acp10sdc.br"/>
  <Operation Delete="vcpdpp30.br"/>
  <Operation Delete="AsArLog.br"/>
  <Operation Delete="AsArProf.br"/>
  <Operation Delete="AsMem.br"/>
  <Operation Delete="DataObj.br"/>
  <Operation Delete="sys_lib.br"/>
  <Operation Delete="brsystem.br"/>
  <Operation Delete="Acp10man.br"/>
  <Operation Delete="FileIO.br"/>
  <Operation Delete="astime.br"/>
  <Operation Download="asfw.br" Memory="SystemROM"/>
  <Operation Download="ashwd.br" Memory="SystemROM"/>
  <Operation Download="arconfig.br" Memory="SystemROM"/>
  <Operation Download="sysconf.br" Memory="SystemROM"/>
  <Operation Restart="warm"/>
  <Operation Download="Acp10map.br" Memory="UserROM"/>
  <Operation Download="acp10cfg.br" Memory="UserROM"/>
  <Operation Download="Acp10map1.br" Memory="UserROM"/>
  <Operation Download="NcGlobal.br" Memory="UserROM"/>
  <Operation Download="vcresman.br" Memory="UserROM"/>
  <Operation Download="powerlnk.br" Memory="UserROM"/>
  <Operation Download="Acp10par.br" Memory="UserROM"/>
  <Operation Download="runtime.br" Memory="UserROM"/>
  <Operation Download="astime.br" Memory="UserROM"/>
  <Operation Download="FileIO.br" Memory="UserROM"/>
  <Operation Download="Acp10man.br" Memory="UserROM"/>
  <Operation Download="brsystem.br" Memory="UserROM"/>
  <Operation Download="sys_lib.br" Memory="UserROM"/>
  <Operation Download="DataObj.br" Memory="UserROM"/>
  <Operation Download="AsMem.br" Memory="UserROM"/>
  <Operation Download="AsArProf.br" Memory="UserROM"/>
  <Operation Download="AsArLog.br" Memory="UserROM"/>
  <Operation Download="vcpdpp30.br" Memory="UserROM"/>
  <Operation Download="Acp10sdc.br" Memory="UserROM"/>
  <Operation Download="Acp10_MC.br" Memory="UserROM"/>
  <Operation Download="Acp10sim.br" Memory="UserROM"/>
  <Operation Download="Arnc0man.br" Memory="UserROM"/>
  <Operation Download="Acp10sys.br" Memory="UserROM"/>
  <Operation Download="Arnc0sys.br" Memory="UserROM"/>
  <Operation Download="acp10etxen.br" Memory="UserROM"/>
  <Operation Download="Axis_Xa.br" Memory="UserROM"/>
  <Operation Download="Axis_Xi.br" Memory="UserROM"/>
  <Operation Download="CncInit.br" Memory="UserROM"/>
  <Operation Download="arnc0cfg.br" Memory="UserROM"/>
  <Operation Download="Arnc0map.br" Memory="UserROM"/>
  <Operation Restart="warm"/>
  <Operation Download="vcpfmtcx.br" Memory="UserROM"/>
  <Operation Download="vcgclass.br" Memory="UserROM"/>
  <Operation Download="vcnet.br" Memory="UserROM"/>
  <Operation Download="GUI01.br" Memory="UserROM"/>
  <Operation Download="GUI02.br" Memory="UserROM"/>
  <Operation Download="GUI03.br" Memory="UserROM"/>
  <Operation Download="arialbd.br" Memory="UserROM"/>
  <Operation Download="arial.br" Memory="UserROM"/>
  <Operation Download="vcshared.br" Memory="UserROM"/>
  <Operation Download="MotorCtrl.br" Memory="UserROM"/>
  <Operation Download="AsIOTime.br" Memory="UserROM"/>
  <Operation Download="TCData.br" Memory="SystemROM"/>
  <Operation Download="udbdef.br" Memory="UserROM"/>
  <Operation Download="vcpdsw.br" Memory="UserROM"/>
  <Operation Download="vcrt.br" Memory="UserROM"/>
  <Operation Download="vcmgr.br" Memory="UserROM"/>
  <Operation Download="vcctext.br" Memory="UserROM"/>
  <Operation Download="vccslider.br" Memory="UserROM"/>
  <Operation Download="vcfile.br" Memory="UserROM"/>
  <Operation Download="vcdsint.br" Memory="UserROM"/>
  <Operation Download="vcdsloc.br" Memory="UserROM"/>
  <Operation Download="vcfntttf.br" Memory="UserROM"/>
  <Operation Download="vccovl.br" Memory="UserROM"/>
  <Operation Download="vcalarm.br" Memory="UserROM"/>
  <Operation Download="vcptelo.br" Memory="UserROM"/>
  <Operation Download="vccdt.br" Memory="UserROM"/>
  <Operation Download="vccbtn.br" Memory="UserROM"/>
  <Operation Download="vccnum.br" Memory="UserROM"/>
  <Operation Download="vcbclass.br" Memory="UserROM"/>
  <Operation Download="vcpfpp30.br" Memory="UserROM"/>
  <Operation Download="vctcal.br" Memory="UserROM"/>
  <Operation Download="Role.br" Memory="UserROM"/>
  <Operation Download="User.br" Memory="UserROM"/>
  <Operation Download="ashwac.br" Memory="UserROM"/>
  <Operation Download="iomap.br" Memory="UserROM"/>
  <Operation Download="AsBrStr.br" Memory="UserROM"/>
  <Operation Download="vcpdvnc.br" Memory="UserROM"/>
  <Operation Download="vcpfar00.br" Memory="UserROM"/>
  <Operation Download="gmcipvar.br" Memory="UserROM"/>
  <Operation Download="gmcipfun.br" Memory="UserROM"/>
  <Operation Download="gmcipfub.br" Memory="UserROM"/>
  <Operation Download="gmcipubr.br" Memory="UserROM"/>
  <Operation Download="gmcipusm.br" Memory="UserROM"/>
  <Operation Download="gmcipui.br" Memory="UserROM"/>
  <Operation Download="gmcipus.br" Memory="UserROM"/>
  <Operation Download="gmcipuc.br" Memory="UserROM"/>
  <Operation Download="gmcipsys.br" Memory="UserROM"/>
  <Operation Download="gmciplbr.br" Memory="UserROM"/>
  <Operation Download="gmcipcbr.br" Memory="UserROM"/>
  <Operation Download="gmciplsm.br" Memory="UserROM"/>
  <Operation Download="gmcipcsm.br" Memory="UserROM"/>
  <Operation Download="gmcipcfg.br" Memory="UserROM"/>
  <Operation Download="gmcipiec.br" Memory="UserROM"/>
  <Operation Download="gmciplog.br" Memory="UserROM"/>
  <Operation Download="gmcipesm.br" Memory="UserROM"/>
  <Operation Download="gmcipmxd.br" Memory="UserROM"/>
  <Operation Download="gmcipmx.br" Memory="UserROM"/>
  <Operation Download="CncProg.br" Memory="UserROM"/>
  <Operation Download="GUI.br" Memory="UserROM"/>
  <Operation Download="SDCAxisCtr.br" Memory="UserROM"/>
  <Operation Download="SDCAxisCt1.br" Memory="UserROM"/>
  <Operation Download="SDCAxisCt2.br" Memory="UserROM"/>
</Transfer>