C:\Projects\Lab4\Logical\Global.typ
C:\Projects\Lab4\Logical\Global.var
C:\Projects\Lab4\Logical\Libraries\operator\operator.fun
C:\Projects\Lab4\Logical\Libraries\operator\operator.typ
C:\Projects\Lab4\Logical\Libraries\operator\operator.var
C:\Projects\Lab4\Logical\Libraries\runtime\runtime.fun
C:\Projects\Lab4\Logical\Libraries\runtime\runtime.typ
C:\Projects\Lab4\Logical\Libraries\runtime\runtime.var
C:\Projects\Lab4\Logical\Libraries\astime\astime.fun
C:\Projects\Lab4\Logical\Libraries\astime\astime.typ
C:\Projects\Lab4\Logical\Libraries\astime\astime.var
C:\Projects\Lab4\Logical\Libraries\AsIecCon\AsIecCon.fun
C:\Projects\Lab4\Logical\Libraries\AsIecCon\AsIecCon.typ
C:\Projects\Lab4\Logical\Libraries\AsIecCon\AsIecCon.var
C:\Projects\Lab4\Logical\Libraries\Acp10man\Acp10man.typ
C:\Projects\Lab4\Logical\Libraries\Acp10par\Acp10par.var
C:\Projects\Lab4\Logical\Libraries\NcGlobal\NcGlobal.fun
C:\Projects\Lab4\Logical\Libraries\NcGlobal\NcGlobal.typ
C:\Projects\Lab4\Logical\Libraries\NcGlobal\NcGlobal.var
C:\Projects\Lab4\Logical\Libraries\Acp10sdc\acp10sdc.var
C:\Projects\Lab4\Logical\Libraries\Acp10sdc\acp10sdc.typ
C:\Projects\Lab4\Logical\Libraries\AsBrStr\AsBrStr.fun
C:\Projects\Lab4\Logical\Libraries\AsBrStr\AsBrStr.typ
C:\Projects\Lab4\Logical\Libraries\AsBrStr\AsBrStr.var
C:\Projects\Lab4\Logical\Libraries\Acp10_MC\acp10_mc.fun
C:\Projects\Lab4\Logical\Libraries\Acp10_MC\acp10_mc.typ
C:\Projects\Lab4\Logical\Libraries\Acp10_MC\acp10_mc.var
C:\Projects\Lab4\Logical\Libraries\brsystem\brsystem.fun
C:\Projects\Lab4\Logical\Libraries\brsystem\brsystem.typ
C:\Projects\Lab4\Logical\Libraries\brsystem\brsystem.var
C:\Projects\Lab4\Logical\Libraries\sys_lib\sys_lib.fun
C:\Projects\Lab4\Logical\Libraries\sys_lib\sys_lib.typ
C:\Projects\Lab4\Logical\Libraries\sys_lib\sys_lib.var
C:\Projects\Lab4\Logical\Libraries\Acp10sim\acp10sim.var
C:\Projects\Lab4\Logical\Libraries\Acp10sim\acp10sim.typ
C:\Projects\Lab4\Logical\Libraries\AsIOTime\AsIOTime.fun
C:\Projects\Lab4\Logical\Libraries\AsIOTime\AsIOTime.typ
C:\Projects\Lab4\Logical\Libraries\AsIOTime\AsIOTime.var
C:\Projects\Lab4\Logical\Libraries\MotorCtrl\Types.typ
C:\Projects\Lab4\Logical\Libraries\MotorCtrl\Constants.var
C:\Projects\Lab4\Logical\Libraries\MotorCtrl\MotorCtrl.fun
C:\Projects\Lab4\Logical\Libraries\Arnc0man\arnc0man.typ
C:\Projects\Lab4\Logical\Libraries\DataObj\DataObj.fun
C:\Projects\Lab4\Logical\Libraries\DataObj\DataObj.typ
C:\Projects\Lab4\Logical\Libraries\DataObj\DataObj.var
C:\Projects\Lab4\Logical\Libraries\AsArLog\AsArLog.fun
C:\Projects\Lab4\Logical\Libraries\AsArLog\AsArLog.typ
C:\Projects\Lab4\Logical\Libraries\AsArLog\AsArLog.var
C:\Projects\Lab4\Logical\Libraries\FileIO\FileIO.fun
C:\Projects\Lab4\Logical\Libraries\FileIO\FileIO.typ
C:\Projects\Lab4\Logical\Libraries\FileIO\FileIO.var
C:\Projects\Lab4\Logical\Libraries\AsArProf\AsArProf.fun
C:\Projects\Lab4\Logical\Libraries\AsArProf\AsArProf.typ
C:\Projects\Lab4\Logical\Libraries\AsArProf\AsArProf.var
C:\Projects\Lab4\Logical\Libraries\AsMem\AsMem.fun
C:\Projects\Lab4\Logical\Libraries\AsMem\AsMem.typ
C:\Projects\Lab4\Logical\Libraries\AsMem\AsMem.var
